build/app/outputs/mapping/release/mapping.txt
# compiler: R8
# compiler_version: 1.5.64
# min_api: 16
# pg_map_id: 20a9625
...
com.google.zxing.aztec.encoder.Encoder -> c.a.e.j.b.c:
    int[] WORD_SIZE -> a
    int[] bitsToWords(com.google.zxing.common.BitArray,int,int) -> a
    void drawBullsEye(com.google.zxing.common.BitMatrix,int,int) -> a
    void drawModeMessage(com.google.zxing.common.BitMatrix,boolean,int,com.google.zxing.common.BitArray) -> a
    com.google.zxing.aztec.encoder.AztecCode encode(byte[],int,int) -> a
    com.google.zxing.common.BitArray generateModeMessage(boolean,int,int) -> a
    com.google.zxing.common.reedsolomon.GenericGF getGF(int) -> a
    com.google.zxing.common.BitArray stuffBits(com.google.zxing.common.BitArray,int) -> a
    int totalBitsInLayer(int,boolean) -> a
    com.google.zxing.common.BitArray generateCheckWords(com.google.zxing.common.BitArray,int,int) -> b
com.google.zxing.aztec.encoder.HighLevelEncoder -> c.a.e.j.b.d:
    int[][] LATCH_TABLE -> c
    byte[] text -> a
    int[][] SHIFT_TABLE -> e
    java.lang.String[] MODE_NAMES -> b
    int[][] CHAR_MAP -> d
    com.google.zxing.common.BitArray encode() -> a
    java.util.Collection simplifyStates(java.lang.Iterable) -> a
    void updateStateForChar(com.google.zxing.aztec.encoder.State,int,java.util.Collection) -> a
    void updateStateForPair(com.google.zxing.aztec.encoder.State,int,int,java.util.Collection) -> a
    java.util.Collection updateStateListForChar(java.lang.Iterable,int) -> a
    java.util.Collection updateStateListForPair(java.lang.Iterable,int,int) -> a
com.google.zxing.aztec.encoder.HighLevelEncoder$1 -> c.a.e.j.b.d$a:
    int compare(com.google.zxing.aztec.encoder.State,com.google.zxing.aztec.encoder.State) -> a
com.google.zxing.aztec.encoder.SimpleToken -> c.a.e.j.b.e:
    short value -> c
    short bitCount -> d
    void appendTo(com.google.zxing.common.BitArray,byte[]) -> a
com.google.zxing.aztec.encoder.State -> c.a.e.j.b.f:
    com.google.zxing.aztec.encoder.State INITIAL_STATE -> e
    int bitCount -> d
    com.google.zxing.aztec.encoder.Token token -> b
    int binaryShiftByteCount -> c
    int mode -> a
    com.google.zxing.aztec.encoder.State addBinaryShiftChar(int) -> a
    int getBinaryShiftByteCount() -> a
    boolean isBetterThanOrEqualTo(com.google.zxing.aztec.encoder.State) -> a
    com.google.zxing.aztec.encoder.State latchAndAppend(int,int) -> a
    com.google.zxing.common.BitArray toBitArray(byte[]) -> a
    com.google.zxing.aztec.encoder.State endBinaryShift(int) -> b
    int getBitCount() -> b
    com.google.zxing.aztec.encoder.State shiftAndAppend(int,int) -> b
    int getMode() -> c
com.google.zxing.aztec.encoder.Token -> c.a.e.j.b.g:
    com.google.zxing.aztec.encoder.Token EMPTY -> b
    com.google.zxing.aztec.encoder.Token previous -> a
    com.google.zxing.aztec.encoder.Token add(int,int) -> a
    void appendTo(com.google.zxing.common.BitArray,byte[]) -> a
    com.google.zxing.aztec.encoder.Token getPrevious() -> a
    com.google.zxing.aztec.encoder.Token addBinaryShift(int,int) -> b
com.google.zxing.common.BitArray -> c.a.e.k.a:
    int[] bits -> b
    int size -> c
    void appendBit(boolean) -> a
    void appendBitArray(com.google.zxing.common.BitArray) -> a
    void appendBits(int,int) -> a
    boolean get(int) -> a
    int getSize() -> a
    void toBytes(int,byte[],int,int) -> a
    void ensureCapacity(int) -> b
    int getSizeInBytes() -> b
    void xor(com.google.zxing.common.BitArray) -> b
    int[] makeArray(int) -> c
com.google.zxing.common.BitMatrix -> c.a.e.k.b:
    int[] bits -> e
    int rowSize -> d
    int width -> b
    int height -> c
    java.lang.String buildToString(java.lang.String,java.lang.String,java.lang.String) -> a
    void clear() -> a
    boolean get(int,int) -> a
    void setRegion(int,int,int,int) -> a
    java.lang.String toString(java.lang.String,java.lang.String) -> a
    int getHeight() -> b
    void set(int,int) -> b
    int getWidth() -> c